#
# A fatal error has been detected by the Java Runtime Environment:
#
#  EXCEPTION_ACCESS_VIOLATION (0xc0000005) at pc=0x00007fff5613a000, pid=6056, tid=13196
#
# JRE version: Java(TM) SE Runtime Environment (22.0.2+9) (build 22.0.2+9-70)
# Java VM: Java HotSpot(TM) 64-Bit Server VM (22.0.2+9-70, mixed mode, sharing, tiered, compressed oops, compressed class ptrs, g1 gc, windows-amd64)
# Problematic frame:
# V  [jvm.dll+0x20a000]
#
# No core dump will be written. Minidumps are not enabled by default on client versions of Windows
#
# If you would like to submit a bug report, please visit:
#   https://bugreport.java.com/bugreport/crash.jsp
#

---------------  S U M M A R Y ------------

Command Line: -javaagent:C:\Program Files\JetBrains\IntelliJ IDEA 2024.2.0.1\lib\idea_rt.jar=49855:C:\Program Files\JetBrains\IntelliJ IDEA 2024.2.0.1\bin -Dfile.encoding=UTF-8 -Dsun.stdout.encoding=UTF-8 -Dsun.stderr.encoding=UTF-8 Hotel.Management.System.add_room

Host: AMD Ryzen 5 5600H with Radeon Graphics         , 12 cores, 15G,  Windows 11 , 64 bit Build 22621 (10.0.22621.3958)
Time: Sat Aug 17 22:50:29 2024 India Standard Time elapsed time: 0.880257 seconds (0d 0h 0m 0s)

---------------  T H R E A D  ---------------

Current thread (0x0000021ed775df20):  JavaThread "C2 CompilerThread0" daemon [_thread_in_native, id=13196, stack(0x0000008f93100000,0x0000008f93200000) (1024K)]


Current CompileTask:
C2:880  783       4       java.nio.ByteBufferAsCharBufferB::get (30 bytes)

Stack: [0x0000008f93100000,0x0000008f93200000],  sp=0x0000008f931fc540,  free space=1009k
Native frames: (J=compiled Java code, j=interpreted, Vv=VM code, C=native code)
V  [jvm.dll+0x20a000]  (no source info available)
V  [jvm.dll+0x2082fe]  (no source info available)
V  [jvm.dll+0x207a6c]  (no source info available)
V  [jvm.dll+0x2088ac]  (no source info available)
V  [jvm.dll+0x207cce]  (no source info available)
V  [jvm.dll+0x1f2320]  (no source info available)
V  [jvm.dll+0x147377]  (no source info available)
V  [jvm.dll+0x2f0e38]  (no source info available)
V  [jvm.dll+0x2f2e13]  (no source info available)
V  [jvm.dll+0x6fd0f7]  (no source info available)
V  [jvm.dll+0x6f543f]  (no source info available)
V  [jvm.dll+0x6f49f7]  (no source info available)
V  [jvm.dll+0x6f2bd4]  (no source info available)
V  [jvm.dll+0x1c7e9c]  (no source info available)
V  [jvm.dll+0x1c8a1b]  (no source info available)
V  [jvm.dll+0x2f2e8f]  (no source info available)
V  [jvm.dll+0x6fd0f7]  (no source info available)
V  [jvm.dll+0x6f543f]  (no source info available)
V  [jvm.dll+0x6f49f7]  (no source info available)
V  [jvm.dll+0x6f2bd4]  (no source info available)
V  [jvm.dll+0x1c7e9c]  (no source info available)
V  [jvm.dll+0x1c8a1b]  (no source info available)
V  [jvm.dll+0x2f2e8f]  (no source info available)
V  [jvm.dll+0x6fd0f7]  (no source info available)
V  [jvm.dll+0x6f543f]  (no source info available)
V  [jvm.dll+0x6f49f7]  (no source info available)
V  [jvm.dll+0x6f2bd4]  (no source info available)
V  [jvm.dll+0x1c7e9c]  (no source info available)
V  [jvm.dll+0x246b0b]  (no source info available)
V  [jvm.dll+0x1c4e80]  (no source info available)
V  [jvm.dll+0x2568f3]  (no source info available)
V  [jvm.dll+0x254baa]  (no source info available)
V  [jvm.dll+0x3f57a6]  (no source info available)
V  [jvm.dll+0x81dc0b]  (no source info available)
V  [jvm.dll+0x6e0d85]  (no source info available)
C  [ucrtbase.dll+0x29333]  (no source info available)
C  [KERNEL32.DLL+0x1257d]  (no source info available)
C  [ntdll.dll+0x5af28]  (no source info available)


siginfo: EXCEPTION_ACCESS_VIOLATION (0xc0000005), reading address 0x000000000000001b


Registers:
RAX=0x0000000000000013, RBX=0x0000008f931ff378, RCX=0x000000000000000b, RDX=0x0000021f1de398d0
RSP=0x0000008f931fc540, RBP=0x0000008f931fc570, RSI=0x0000021f1de399c0, RDI=0x0000008f931fc5e0
R8 =0x0000021f1df005d8, R9 =0x0000021f1df00600, R10=0x0000021ed773c1e0, R11=0x0000021ed85f21b0
R12=0x0000021f1de397d0, R13=0x0000021f1df00600, R14=0x000000000000000c, R15=0x0000021f1df005d8
RIP=0x00007fff5613a000, EFLAGS=0x0000000000010283


Register to memory mapping:

RAX=0x0000000000000013 is an unknown value
RBX=0x0000008f931ff378 is pointing into the stack for thread: 0x0000021ed775df20
RCX=0x000000000000000b is an unknown value
RDX=0x0000021f1de398d0 points into unknown readable memory: 0x0000000000000000 | 00 00 00 00 00 00 00 00
RSP=0x0000008f931fc540 is pointing into the stack for thread: 0x0000021ed775df20
RBP=0x0000008f931fc570 is pointing into the stack for thread: 0x0000021ed775df20
RSI=0x0000021f1de399c0 points into unknown readable memory: 0x0000021f1de398d0 | d0 98 e3 1d 1f 02 00 00
RDI=0x0000008f931fc5e0 is pointing into the stack for thread: 0x0000021ed775df20
R8 =0x0000021f1df005d8 points into unknown readable memory: 0x0000021f1de39930 | 30 99 e3 1d 1f 02 00 00
R9 =0x0000021f1df00600 points into unknown readable memory: 0x0000000400000000 | 00 00 00 00 04 00 00 00
R10=0x0000021ed773c1e0 points into unknown readable memory: 0x0000001e00000001 | 01 00 00 00 1e 00 00 00
R11=0x0000021ed85f21b0 is pointing into metadata
R12=0x0000021f1de397d0 points into unknown readable memory: 0x0000008f931ff370 | 70 f3 1f 93 8f 00 00 00
R13=0x0000021f1df00600 points into unknown readable memory: 0x0000000400000000 | 00 00 00 00 04 00 00 00
R14=0x000000000000000c is an unknown value
R15=0x0000021f1df005d8 points into unknown readable memory: 0x0000021f1de39930 | 30 99 e3 1d 1f 02 00 00

Top of Stack: (sp=0x0000008f931fc540)
0x0000008f931fc540:   0000021f1de39fe8 00007fff561372ed
0x0000008f931fc550:   0000021f1de399c0 00007fff56135c9c
0x0000008f931fc560:   0000008f931fc5e0 0000008f931fc619
0x0000008f931fc570:   0000021f1de39dd8 0000021f1de397d0
0x0000008f931fc580:   0000000000000000 0000021f1de39dc0
0x0000008f931fc590:   0000021f1de399c0 0000021f1df00600
0x0000008f931fc5a0:   0000008f931fc619 00007fff561382fe
0x0000008f931fc5b0:   0000021f0000000b 0000021f1df005d8
0x0000008f931fc5c0:   0000021f1df00600 0000021f1df00600
0x0000008f931fc5d0:   0000021f1de39dd8 0000008f931fc780
0x0000008f931fc5e0:   0000021f1de37f00 0000021ed7774238
0x0000008f931fc5f0:   0000021f1de398fb 0000000000000000
0x0000008f931fc600:   0000021ed8445bb8 0000021f1de398f0
0x0000008f931fc610:   0000021f1de398fc 0000021f1de398fc
0x0000008f931fc620:   000000ac000000ac 0000000000000064
0x0000008f931fc630:   0000021f1de39d68 0000021f1de399c0
0x0000008f931fc640:   0000000000000020 0000021f1de397d0
0x0000008f931fc650:   0000000000000000 0000000000000001
0x0000008f931fc660:   0000021f1df00660 0000021ed775d560
0x0000008f931fc670:   0000000000000064 00007fff56137a6c
0x0000008f931fc680:   0000000000000000 0000021f0000000b
0x0000008f931fc690:   0000021f0000000b 0000021f1df00600
0x0000008f931fc6a0:   0000021ed7c1e3d8 00007fff56138b76
0x0000008f931fc6b0:   0000000000000000 0000021f1de399c0
0x0000008f931fc6c0:   0000000000000002 0000021f1defbfd0
0x0000008f931fc6d0:   0000021f1df005d8 0000021f1df03fb8
0x0000008f931fc6e0:   0000021f1df005d8 0000021f1de397d0
0x0000008f931fc6f0:   0000021f1df00600 0000021ed775e770
0x0000008f931fc700:   0000021f1de399c0 00007fff561388ac
0x0000008f931fc710:   0000021f00000000 0000021e00000001
0x0000008f931fc720:   0000021ed775e701 0000021f1df005d8
0x0000008f931fc730:   0000021f1df00600 00007fff561224bd 

Instructions: (pc=0x00007fff5613a000)
0x00007fff56139f00:   48 89 5c 24 10 4c 89 4c 24 20 55 56 57 41 54 41
0x00007fff56139f10:   55 41 56 41 57 48 8b ec 48 83 ec 30 48 8b 41 18
0x00007fff56139f20:   4d 8b e9 4d 8b f8 48 8b fa 48 8b f1 48 85 c0 0f
0x00007fff56139f30:   85 d1 06 00 00 83 79 48 ff 48 8b 41 38 4c 8b 60
0x00007fff56139f40:   10 49 8b 04 24 48 8b 18 0f 85 6d 05 00 00 48 8b
0x00007fff56139f50:   11 83 7a 0c ff 0f 85 83 00 00 00 49 8b 44 24 08
0x00007fff56139f60:   8b 48 48 39 4a 08 0f 8d 4f 05 00 00 48 8b d3 b9
0x00007fff56139f70:   18 00 00 00 e8 27 47 eb ff 48 8b f8 48 85 c0 74
0x00007fff56139f80:   2c ba 08 00 00 00 4c 8b c3 8d 4a f9 e8 2f 99 19
0x00007fff56139f90:   00 c7 07 00 00 00 00 33 c9 c7 47 04 01 00 00 00
0x00007fff56139fa0:   48 89 47 08 48 89 08 48 89 5f 10 eb 02 33 ff 48
0x00007fff56139fb0:   8b 06 45 33 c9 4c 8b 46 40 49 8b cc 48 89 7e 18
0x00007fff56139fc0:   8b 50 08 e8 88 c3 ff ff 48 8b 4e 18 48 8d 55 40
0x00007fff56139fd0:   48 89 45 40 e8 67 13 e0 ff e9 24 05 00 00 8b 4f
0x00007fff56139fe0:   10 2b 4f 28 44 8b 77 38 8b 47 40 44 2b 77 28 05
0x00007fff56139ff0:   67 ff ff ff 89 4d 40 83 f8 30 0f 87 1b 06 00 00
0x00007fff5613a000:   48 8d 15 f9 5f df ff 48 98 0f b6 84 02 54 a6 20
0x00007fff5613a010:   00 8b 8c 82 30 a6 20 00 48 03 ca ff e1 48 8b cf
0x00007fff5613a020:   e8 7b eb ff ff 48 8b d3 b9 18 00 00 00 44 8b f8
0x00007fff5613a030:   e8 6b 46 eb ff 48 8b f8 48 85 c0 74 2d ba 08 00
0x00007fff5613a040:   00 00 4c 8b c3 8d 4a fa e8 73 98 19 00 c7 07 00
0x00007fff5613a050:   00 00 00 0f 57 c0 c7 47 04 02 00 00 00 48 89 47
0x00007fff5613a060:   08 0f 11 00 48 89 5f 10 eb 02 33 ff 45 33 c9 48
0x00007fff5613a070:   89 7e 18 4d 8b c5 41 8b d6 49 8b cc e8 cf c2 ff
0x00007fff5613a080:   ff 48 8b 4e 18 48 8d 55 40 48 89 45 40 e8 ae 12
0x00007fff5613a090:   e0 ff 45 33 c9 4d 8b c5 41 8b d7 49 8b cc e8 ad
0x00007fff5613a0a0:   c2 ff ff 48 8b 4e 18 48 8d 55 40 48 89 45 40 e8
0x00007fff5613a0b0:   8c 12 e0 ff e9 49 04 00 00 48 8b cf e8 df ea ff
0x00007fff5613a0c0:   ff 48 8b d3 b9 18 00 00 00 44 8b f0 e8 cf 45 eb
0x00007fff5613a0d0:   ff 48 8b f8 48 85 c0 74 2c ba 08 00 00 00 4c 8b
0x00007fff5613a0e0:   c3 8d 4a f9 e8 d7 97 19 00 c7 07 00 00 00 00 33
0x00007fff5613a0f0:   c9 c7 47 04 01 00 00 00 48 89 47 08 48 89 08 48 


Stack slot to memory mapping:

stack at sp + 0 slots: 0x0000021f1de39fe8 points into unknown readable memory: 0x0000021f1de39fc8 | c8 9f e3 1d 1f 02 00 00
stack at sp + 1 slots: 0x00007fff561372ed jvm.dll
stack at sp + 2 slots: 0x0000021f1de399c0 points into unknown readable memory: 0x0000021f1de398d0 | d0 98 e3 1d 1f 02 00 00
stack at sp + 3 slots: 0x00007fff56135c9c jvm.dll
stack at sp + 4 slots: 0x0000008f931fc5e0 is pointing into the stack for thread: 0x0000021ed775df20
stack at sp + 5 slots: 0x0000008f931fc619 is pointing into the stack for thread: 0x0000021ed775df20
stack at sp + 6 slots: 0x0000021f1de39dd8 points into unknown readable memory: 0x0000000000000000 | 00 00 00 00 00 00 00 00
stack at sp + 7 slots: 0x0000021f1de397d0 points into unknown readable memory: 0x0000008f931ff370 | 70 f3 1f 93 8f 00 00 00


---------------  P R O C E S S  ---------------

Threads class SMR info:
_java_thread_list=0x0000021ed7bf5fb0, length=18, elements={
0x0000021ed773d220, 0x0000021ed773ea00, 0x0000021ed773fa80, 0x0000021ed77444b0,
0x0000021ed7744b20, 0x0000021ed7749400, 0x0000021ed775df20, 0x0000021ed7765890,
0x0000021ed796c860, 0x0000021ed7ae9a40, 0x0000021ed7a9cdf0, 0x0000021ed7bef1c0,
0x0000021ed7bf5010, 0x0000021ed7bf9e20, 0x0000021f1dda0870, 0x0000021f1ded7830,
0x0000021eb6316360, 0x0000021f1e017520
}

Java Threads: ( => current thread )
  0x0000021ed773d220 JavaThread "Reference Handler"          daemon [_thread_blocked, id=12012, stack(0x0000008f92b00000,0x0000008f92c00000) (1024K)]
  0x0000021ed773ea00 JavaThread "Finalizer"                  daemon [_thread_blocked, id=3608, stack(0x0000008f92c00000,0x0000008f92d00000) (1024K)]
  0x0000021ed773fa80 JavaThread "Signal Dispatcher"          daemon [_thread_blocked, id=7100, stack(0x0000008f92d00000,0x0000008f92e00000) (1024K)]
  0x0000021ed77444b0 JavaThread "Attach Listener"            daemon [_thread_blocked, id=2992, stack(0x0000008f92e00000,0x0000008f92f00000) (1024K)]
  0x0000021ed7744b20 JavaThread "Service Thread"             daemon [_thread_blocked, id=8820, stack(0x0000008f92f00000,0x0000008f93000000) (1024K)]
  0x0000021ed7749400 JavaThread "Monitor Deflation Thread"   daemon [_thread_blocked, id=13840, stack(0x0000008f93000000,0x0000008f93100000) (1024K)]
=>0x0000021ed775df20 JavaThread "C2 CompilerThread0"         daemon [_thread_in_native, id=13196, stack(0x0000008f93100000,0x0000008f93200000) (1024K)]
  0x0000021ed7765890 JavaThread "C1 CompilerThread0"         daemon [_thread_blocked, id=12668, stack(0x0000008f93200000,0x0000008f93300000) (1024K)]
  0x0000021ed796c860 JavaThread "Common-Cleaner"             daemon [_thread_blocked, id=7224, stack(0x0000008f93300000,0x0000008f93400000) (1024K)]
  0x0000021ed7ae9a40 JavaThread "Monitor Ctrl-Break"         daemon [_thread_in_native, id=14136, stack(0x0000008f93400000,0x0000008f93500000) (1024K)]
  0x0000021ed7a9cdf0 JavaThread "Notification Thread"        daemon [_thread_blocked, id=13596, stack(0x0000008f93500000,0x0000008f93600000) (1024K)]
  0x0000021ed7bef1c0 JavaThread "Java2D Disposer"            daemon [_thread_blocked, id=4548, stack(0x0000008f93600000,0x0000008f93700000) (1024K)]
  0x0000021ed7bf5010 JavaThread "AWT-Shutdown"                      [_thread_blocked, id=14188, stack(0x0000008f93700000,0x0000008f93800000) (1024K)]
  0x0000021ed7bf9e20 JavaThread "AWT-Windows"                daemon [_thread_in_native, id=14184, stack(0x0000008f93800000,0x0000008f93900000) (1024K)]
  0x0000021f1dda0870 JavaThread "AWT-EventQueue-0"                  [_thread_blocked, id=4292, stack(0x0000008f94300000,0x0000008f94400000) (1024K)]
  0x0000021f1ded7830 JavaThread "D3D Screen Updater"         daemon [_thread_blocked, id=13308, stack(0x0000008f94500000,0x0000008f94600000) (1024K)]
  0x0000021eb6316360 JavaThread "DestroyJavaVM"                     [_thread_blocked, id=6900, stack(0x0000008f92300000,0x0000008f92400000) (1024K)]
  0x0000021f1e017520 JavaThread "TimerQueue"                 daemon [_thread_blocked, id=3100, stack(0x0000008f94600000,0x0000008f94700000) (1024K)]
Total: 18

Other Threads:
  0x0000021ed77257f0 VMThread "VM Thread"                           [id=8944, stack(0x0000008f92a00000,0x0000008f92b00000) (1024K)]
  0x0000021ed770a900 WatcherThread "VM Periodic Task Thread"        [id=2120, stack(0x0000008f92900000,0x0000008f92a00000) (1024K)]
  0x0000021eb65c3aa0 WorkerThread "GC Thread#0"                     [id=5624, stack(0x0000008f92400000,0x0000008f92500000) (1024K)]
  0x0000021eb65d41c0 ConcurrentGCThread "G1 Main Marker"            [id=8812, stack(0x0000008f92500000,0x0000008f92600000) (1024K)]
  0x0000021eb65d4bd0 WorkerThread "G1 Conc#0"                       [id=3144, stack(0x0000008f92600000,0x0000008f92700000) (1024K)]
  0x0000021ed75da1d0 ConcurrentGCThread "G1 Refine#0"               [id=9508, stack(0x0000008f92700000,0x0000008f92800000) (1024K)]
  0x0000021ed75dc870 ConcurrentGCThread "G1 Service"                [id=6852, stack(0x0000008f92800000,0x0000008f92900000) (1024K)]
Total: 7

Threads with active compile tasks:
C2 CompilerThread0  1503  783       4       java.nio.ByteBufferAsCharBufferB::get (30 bytes)
Total: 1

VM state: not at safepoint (normal execution)

VM Mutex/Monitor currently owned by a thread: None

Heap address: 0x0000000709800000, size: 3944 MB, Compressed Oops mode: Zero based, Oop shift amount: 3

CDS archive(s) mapped at: [0x0000021ed8000000-0x0000021ed8c60000-0x0000021ed8c60000), size 12976128, SharedBaseAddress: 0x0000021ed8000000, ArchiveRelocationMode: 1.
Compressed class space mapped at: 0x0000021ed9000000-0x0000021f19000000, reserved size: 1073741824
Narrow klass base: 0x0000021ed8000000, Narrow klass shift: 0, Narrow klass range: 0x41000000

GC Precious Log:
 CardTable entry size: 512
 Card Set container configuration: InlinePtr #cards 4 size 8 Array Of Cards #cards 16 size 48 Howl #buckets 8 coarsen threshold 3686 Howl Bitmap #cards 512 size 80 coarsen threshold 460 Card regions per heap region 1 cards per card region 4096
 CPUs: 12 total, 12 available
 Memory: 15773M
 Large Page Support: Disabled
 NUMA Support: Disabled
 Compressed Oops: Enabled (Zero based)
 Heap Region Size: 2M
 Heap Min Capacity: 8M
 Heap Initial Capacity: 248M
 Heap Max Capacity: 3944M
 Pre-touch: Disabled
 Parallel Workers: 10
 Concurrent Workers: 3
 Concurrent Refinement Workers: 10
 Periodic GC: Disabled

Heap:
 garbage-first heap   total reserved 4038656K, committed 253952K, used 10240K [0x0000000709800000, 0x0000000800000000)
  region size 2048K, 6 young (12288K), 0 survivors (0K)
 Metaspace       used 9217K, committed 9408K, reserved 1114112K
  class space    used 1109K, committed 1216K, reserved 1048576K

Heap Regions: E=young(eden), S=young(survivor), O=old, HS=humongous(starts), HC=humongous(continues), CS=collection set, F=free, TAMS=top-at-mark-start, PB=parsable bottom
|   0|0x0000000709800000, 0x0000000709800000, 0x0000000709a00000|  0%| F|  |TAMS 0x0000000709800000| PB 0x0000000709800000| Untracked |  0
|   1|0x0000000709a00000, 0x0000000709a00000, 0x0000000709c00000|  0%| F|  |TAMS 0x0000000709a00000| PB 0x0000000709a00000| Untracked |  0
|   2|0x0000000709c00000, 0x0000000709c00000, 0x0000000709e00000|  0%| F|  |TAMS 0x0000000709c00000| PB 0x0000000709c00000| Untracked |  0
|   3|0x0000000709e00000, 0x0000000709e00000, 0x000000070a000000|  0%| F|  |TAMS 0x0000000709e00000| PB 0x0000000709e00000| Untracked |  0
|   4|0x000000070a000000, 0x000000070a000000, 0x000000070a200000|  0%| F|  |TAMS 0x000000070a000000| PB 0x000000070a000000| Untracked |  0
|   5|0x000000070a200000, 0x000000070a200000, 0x000000070a400000|  0%| F|  |TAMS 0x000000070a200000| PB 0x000000070a200000| Untracked |  0
|   6|0x000000070a400000, 0x000000070a400000, 0x000000070a600000|  0%| F|  |TAMS 0x000000070a400000| PB 0x000000070a400000| Untracked |  0
|   7|0x000000070a600000, 0x000000070a600000, 0x000000070a800000|  0%| F|  |TAMS 0x000000070a600000| PB 0x000000070a600000| Untracked |  0
|   8|0x000000070a800000, 0x000000070a800000, 0x000000070aa00000|  0%| F|  |TAMS 0x000000070a800000| PB 0x000000070a800000| Untracked |  0
|   9|0x000000070aa00000, 0x000000070aa00000, 0x000000070ac00000|  0%| F|  |TAMS 0x000000070aa00000| PB 0x000000070aa00000| Untracked |  0
|  10|0x000000070ac00000, 0x000000070ac00000, 0x000000070ae00000|  0%| F|  |TAMS 0x000000070ac00000| PB 0x000000070ac00000| Untracked |  0
|  11|0x000000070ae00000, 0x000000070ae00000, 0x000000070b000000|  0%| F|  |TAMS 0x000000070ae00000| PB 0x000000070ae00000| Untracked |  0
|  12|0x000000070b000000, 0x000000070b000000, 0x000000070b200000|  0%| F|  |TAMS 0x000000070b000000| PB 0x000000070b000000| Untracked |  0
|  13|0x000000070b200000, 0x000000070b200000, 0x000000070b400000|  0%| F|  |TAMS 0x000000070b200000| PB 0x000000070b200000| Untracked |  0
|  14|0x000000070b400000, 0x000000070b400000, 0x000000070b600000|  0%| F|  |TAMS 0x000000070b400000| PB 0x000000070b400000| Untracked |  0
|  15|0x000000070b600000, 0x000000070b600000, 0x000000070b800000|  0%| F|  |TAMS 0x000000070b600000| PB 0x000000070b600000| Untracked |  0
|  16|0x000000070b800000, 0x000000070b800000, 0x000000070ba00000|  0%| F|  |TAMS 0x000000070b800000| PB 0x000000070b800000| Untracked |  0
|  17|0x000000070ba00000, 0x000000070ba00000, 0x000000070bc00000|  0%| F|  |TAMS 0x000000070ba00000| PB 0x000000070ba00000| Untracked |  0
|  18|0x000000070bc00000, 0x000000070bc00000, 0x000000070be00000|  0%| F|  |TAMS 0x000000070bc00000| PB 0x000000070bc00000| Untracked |  0
|  19|0x000000070be00000, 0x000000070be00000, 0x000000070c000000|  0%| F|  |TAMS 0x000000070be00000| PB 0x000000070be00000| Untracked |  0
|  20|0x000000070c000000, 0x000000070c000000, 0x000000070c200000|  0%| F|  |TAMS 0x000000070c000000| PB 0x000000070c000000| Untracked |  0
|  21|0x000000070c200000, 0x000000070c200000, 0x000000070c400000|  0%| F|  |TAMS 0x000000070c200000| PB 0x000000070c200000| Untracked |  0
|  22|0x000000070c400000, 0x000000070c400000, 0x000000070c600000|  0%| F|  |TAMS 0x000000070c400000| PB 0x000000070c400000| Untracked |  0
|  23|0x000000070c600000, 0x000000070c600000, 0x000000070c800000|  0%| F|  |TAMS 0x000000070c600000| PB 0x000000070c600000| Untracked |  0
|  24|0x000000070c800000, 0x000000070c800000, 0x000000070ca00000|  0%| F|  |TAMS 0x000000070c800000| PB 0x000000070c800000| Untracked |  0
|  25|0x000000070ca00000, 0x000000070ca00000, 0x000000070cc00000|  0%| F|  |TAMS 0x000000070ca00000| PB 0x000000070ca00000| Untracked |  0
|  26|0x000000070cc00000, 0x000000070cc00000, 0x000000070ce00000|  0%| F|  |TAMS 0x000000070cc00000| PB 0x000000070cc00000| Untracked |  0
|  27|0x000000070ce00000, 0x000000070ce00000, 0x000000070d000000|  0%| F|  |TAMS 0x000000070ce00000| PB 0x000000070ce00000| Untracked |  0
|  28|0x000000070d000000, 0x000000070d000000, 0x000000070d200000|  0%| F|  |TAMS 0x000000070d000000| PB 0x000000070d000000| Untracked |  0
|  29|0x000000070d200000, 0x000000070d200000, 0x000000070d400000|  0%| F|  |TAMS 0x000000070d200000| PB 0x000000070d200000| Untracked |  0
|  30|0x000000070d400000, 0x000000070d400000, 0x000000070d600000|  0%| F|  |TAMS 0x000000070d400000| PB 0x000000070d400000| Untracked |  0
|  31|0x000000070d600000, 0x000000070d600000, 0x000000070d800000|  0%| F|  |TAMS 0x000000070d600000| PB 0x000000070d600000| Untracked |  0
|  32|0x000000070d800000, 0x000000070d800000, 0x000000070da00000|  0%| F|  |TAMS 0x000000070d800000| PB 0x000000070d800000| Untracked |  0
|  33|0x000000070da00000, 0x000000070da00000, 0x000000070dc00000|  0%| F|  |TAMS 0x000000070da00000| PB 0x000000070da00000| Untracked |  0
|  34|0x000000070dc00000, 0x000000070dc00000, 0x000000070de00000|  0%| F|  |TAMS 0x000000070dc00000| PB 0x000000070dc00000| Untracked |  0
|  35|0x000000070de00000, 0x000000070de00000, 0x000000070e000000|  0%| F|  |TAMS 0x000000070de00000| PB 0x000000070de00000| Untracked |  0
|  36|0x000000070e000000, 0x000000070e000000, 0x000000070e200000|  0%| F|  |TAMS 0x000000070e000000| PB 0x000000070e000000| Untracked |  0
|  37|0x000000070e200000, 0x000000070e200000, 0x000000070e400000|  0%| F|  |TAMS 0x000000070e200000| PB 0x000000070e200000| Untracked |  0
|  38|0x000000070e400000, 0x000000070e400000, 0x000000070e600000|  0%| F|  |TAMS 0x000000070e400000| PB 0x000000070e400000| Untracked |  0
|  39|0x000000070e600000, 0x000000070e600000, 0x000000070e800000|  0%| F|  |TAMS 0x000000070e600000| PB 0x000000070e600000| Untracked |  0
|  40|0x000000070e800000, 0x000000070e800000, 0x000000070ea00000|  0%| F|  |TAMS 0x000000070e800000| PB 0x000000070e800000| Untracked |  0
|  41|0x000000070ea00000, 0x000000070ea00000, 0x000000070ec00000|  0%| F|  |TAMS 0x000000070ea00000| PB 0x000000070ea00000| Untracked |  0
|  42|0x000000070ec00000, 0x000000070ec00000, 0x000000070ee00000|  0%| F|  |TAMS 0x000000070ec00000| PB 0x000000070ec00000| Untracked |  0
|  43|0x000000070ee00000, 0x000000070ee00000, 0x000000070f000000|  0%| F|  |TAMS 0x000000070ee00000| PB 0x000000070ee00000| Untracked |  0
|  44|0x000000070f000000, 0x000000070f000000, 0x000000070f200000|  0%| F|  |TAMS 0x000000070f000000| PB 0x000000070f000000| Untracked |  0
|  45|0x000000070f200000, 0x000000070f200000, 0x000000070f400000|  0%| F|  |TAMS 0x000000070f200000| PB 0x000000070f200000| Untracked |  0
|  46|0x000000070f400000, 0x000000070f400000, 0x000000070f600000|  0%| F|  |TAMS 0x000000070f400000| PB 0x000000070f400000| Untracked |  0
|  47|0x000000070f600000, 0x000000070f600000, 0x000000070f800000|  0%| F|  |TAMS 0x000000070f600000| PB 0x000000070f600000| Untracked |  0
|  48|0x000000070f800000, 0x000000070f800000, 0x000000070fa00000|  0%| F|  |TAMS 0x000000070f800000| PB 0x000000070f800000| Untracked |  0
|  49|0x000000070fa00000, 0x000000070fa00000, 0x000000070fc00000|  0%| F|  |TAMS 0x000000070fa00000| PB 0x000000070fa00000| Untracked |  0
|  50|0x000000070fc00000, 0x000000070fc00000, 0x000000070fe00000|  0%| F|  |TAMS 0x000000070fc00000| PB 0x000000070fc00000| Untracked |  0
|  51|0x000000070fe00000, 0x000000070fe00000, 0x0000000710000000|  0%| F|  |TAMS 0x000000070fe00000| PB 0x000000070fe00000| Untracked |  0
|  52|0x0000000710000000, 0x0000000710000000, 0x0000000710200000|  0%| F|  |TAMS 0x0000000710000000| PB 0x0000000710000000| Untracked |  0
|  53|0x0000000710200000, 0x0000000710200000, 0x0000000710400000|  0%| F|  |TAMS 0x0000000710200000| PB 0x0000000710200000| Untracked |  0
|  54|0x0000000710400000, 0x0000000710400000, 0x0000000710600000|  0%| F|  |TAMS 0x0000000710400000| PB 0x0000000710400000| Untracked |  0
|  55|0x0000000710600000, 0x0000000710600000, 0x0000000710800000|  0%| F|  |TAMS 0x0000000710600000| PB 0x0000000710600000| Untracked |  0
|  56|0x0000000710800000, 0x0000000710800000, 0x0000000710a00000|  0%| F|  |TAMS 0x0000000710800000| PB 0x0000000710800000| Untracked |  0
|  57|0x0000000710a00000, 0x0000000710a00000, 0x0000000710c00000|  0%| F|  |TAMS 0x0000000710a00000| PB 0x0000000710a00000| Untracked |  0
|  58|0x0000000710c00000, 0x0000000710c00000, 0x0000000710e00000|  0%| F|  |TAMS 0x0000000710c00000| PB 0x0000000710c00000| Untracked |  0
|  59|0x0000000710e00000, 0x0000000710e00000, 0x0000000711000000|  0%| F|  |TAMS 0x0000000710e00000| PB 0x0000000710e00000| Untracked |  0
|  60|0x0000000711000000, 0x0000000711000000, 0x0000000711200000|  0%| F|  |TAMS 0x0000000711000000| PB 0x0000000711000000| Untracked |  0
|  61|0x0000000711200000, 0x0000000711200000, 0x0000000711400000|  0%| F|  |TAMS 0x0000000711200000| PB 0x0000000711200000| Untracked |  0
|  62|0x0000000711400000, 0x0000000711400000, 0x0000000711600000|  0%| F|  |TAMS 0x0000000711400000| PB 0x0000000711400000| Untracked |  0
|  63|0x0000000711600000, 0x0000000711600000, 0x0000000711800000|  0%| F|  |TAMS 0x0000000711600000| PB 0x0000000711600000| Untracked |  0
|  64|0x0000000711800000, 0x0000000711800000, 0x0000000711a00000|  0%| F|  |TAMS 0x0000000711800000| PB 0x0000000711800000| Untracked |  0
|  65|0x0000000711a00000, 0x0000000711a00000, 0x0000000711c00000|  0%| F|  |TAMS 0x0000000711a00000| PB 0x0000000711a00000| Untracked |  0
|  66|0x0000000711c00000, 0x0000000711c00000, 0x0000000711e00000|  0%| F|  |TAMS 0x0000000711c00000| PB 0x0000000711c00000| Untracked |  0
|  67|0x0000000711e00000, 0x0000000711e00000, 0x0000000712000000|  0%| F|  |TAMS 0x0000000711e00000| PB 0x0000000711e00000| Untracked |  0
|  68|0x0000000712000000, 0x0000000712000000, 0x0000000712200000|  0%| F|  |TAMS 0x0000000712000000| PB 0x0000000712000000| Untracked |  0
|  69|0x0000000712200000, 0x0000000712200000, 0x0000000712400000|  0%| F|  |TAMS 0x0000000712200000| PB 0x0000000712200000| Untracked |  0
|  70|0x0000000712400000, 0x0000000712400000, 0x0000000712600000|  0%| F|  |TAMS 0x0000000712400000| PB 0x0000000712400000| Untracked |  0
|  71|0x0000000712600000, 0x0000000712600000, 0x0000000712800000|  0%| F|  |TAMS 0x0000000712600000| PB 0x0000000712600000| Untracked |  0
|  72|0x0000000712800000, 0x0000000712800000, 0x0000000712a00000|  0%| F|  |TAMS 0x0000000712800000| PB 0x0000000712800000| Untracked |  0
|  73|0x0000000712a00000, 0x0000000712a00000, 0x0000000712c00000|  0%| F|  |TAMS 0x0000000712a00000| PB 0x0000000712a00000| Untracked |  0
|  74|0x0000000712c00000, 0x0000000712c00000, 0x0000000712e00000|  0%| F|  |TAMS 0x0000000712c00000| PB 0x0000000712c00000| Untracked |  0
|  75|0x0000000712e00000, 0x0000000712e00000, 0x0000000713000000|  0%| F|  |TAMS 0x0000000712e00000| PB 0x0000000712e00000| Untracked |  0
|  76|0x0000000713000000, 0x0000000713000000, 0x0000000713200000|  0%| F|  |TAMS 0x0000000713000000| PB 0x0000000713000000| Untracked |  0
|  77|0x0000000713200000, 0x0000000713200000, 0x0000000713400000|  0%| F|  |TAMS 0x0000000713200000| PB 0x0000000713200000| Untracked |  0
|  78|0x0000000713400000, 0x0000000713400000, 0x0000000713600000|  0%| F|  |TAMS 0x0000000713400000| PB 0x0000000713400000| Untracked |  0
|  79|0x0000000713600000, 0x0000000713600000, 0x0000000713800000|  0%| F|  |TAMS 0x0000000713600000| PB 0x0000000713600000| Untracked |  0
|  80|0x0000000713800000, 0x0000000713800000, 0x0000000713a00000|  0%| F|  |TAMS 0x0000000713800000| PB 0x0000000713800000| Untracked |  0
|  81|0x0000000713a00000, 0x0000000713a00000, 0x0000000713c00000|  0%| F|  |TAMS 0x0000000713a00000| PB 0x0000000713a00000| Untracked |  0
|  82|0x0000000713c00000, 0x0000000713c00000, 0x0000000713e00000|  0%| F|  |TAMS 0x0000000713c00000| PB 0x0000000713c00000| Untracked |  0
|  83|0x0000000713e00000, 0x0000000713e00000, 0x0000000714000000|  0%| F|  |TAMS 0x0000000713e00000| PB 0x0000000713e00000| Untracked |  0
|  84|0x0000000714000000, 0x0000000714000000, 0x0000000714200000|  0%| F|  |TAMS 0x0000000714000000| PB 0x0000000714000000| Untracked |  0
|  85|0x0000000714200000, 0x0000000714200000, 0x0000000714400000|  0%| F|  |TAMS 0x0000000714200000| PB 0x0000000714200000| Untracked |  0
|  86|0x0000000714400000, 0x0000000714400000, 0x0000000714600000|  0%| F|  |TAMS 0x0000000714400000| PB 0x0000000714400000| Untracked |  0
|  87|0x0000000714600000, 0x0000000714600000, 0x0000000714800000|  0%| F|  |TAMS 0x0000000714600000| PB 0x0000000714600000| Untracked |  0
|  88|0x0000000714800000, 0x0000000714800000, 0x0000000714a00000|  0%| F|  |TAMS 0x0000000714800000| PB 0x0000000714800000| Untracked |  0
|  89|0x0000000714a00000, 0x0000000714a00000, 0x0000000714c00000|  0%| F|  |TAMS 0x0000000714a00000| PB 0x0000000714a00000| Untracked |  0
|  90|0x0000000714c00000, 0x0000000714c00000, 0x0000000714e00000|  0%| F|  |TAMS 0x0000000714c00000| PB 0x0000000714c00000| Untracked |  0
|  91|0x0000000714e00000, 0x0000000714e00000, 0x0000000715000000|  0%| F|  |TAMS 0x0000000714e00000| PB 0x0000000714e00000| Untracked |  0
|  92|0x0000000715000000, 0x0000000715000000, 0x0000000715200000|  0%| F|  |TAMS 0x0000000715000000| PB 0x0000000715000000| Untracked |  0
|  93|0x0000000715200000, 0x0000000715200000, 0x0000000715400000|  0%| F|  |TAMS 0x0000000715200000| PB 0x0000000715200000| Untracked |  0
|  94|0x0000000715400000, 0x0000000715400000, 0x0000000715600000|  0%| F|  |TAMS 0x0000000715400000| PB 0x0000000715400000| Untracked |  0
|  95|0x0000000715600000, 0x0000000715600000, 0x0000000715800000|  0%| F|  |TAMS 0x0000000715600000| PB 0x0000000715600000| Untracked |  0
|  96|0x0000000715800000, 0x0000000715800000, 0x0000000715a00000|  0%| F|  |TAMS 0x0000000715800000| PB 0x0000000715800000| Untracked |  0
|  97|0x0000000715a00000, 0x0000000715a00000, 0x0000000715c00000|  0%| F|  |TAMS 0x0000000715a00000| PB 0x0000000715a00000| Untracked |  0
|  98|0x0000000715c00000, 0x0000000715c00000, 0x0000000715e00000|  0%| F|  |TAMS 0x0000000715c00000| PB 0x0000000715c00000| Untracked |  0
|  99|0x0000000715e00000, 0x0000000715e00000, 0x0000000716000000|  0%| F|  |TAMS 0x0000000715e00000| PB 0x0000000715e00000| Untracked |  0
| 100|0x0000000716000000, 0x0000000716000000, 0x0000000716200000|  0%| F|  |TAMS 0x0000000716000000| PB 0x0000000716000000| Untracked |  0
| 101|0x0000000716200000, 0x0000000716200000, 0x0000000716400000|  0%| F|  |TAMS 0x0000000716200000| PB 0x0000000716200000| Untracked |  0
| 102|0x0000000716400000, 0x0000000716400000, 0x0000000716600000|  0%| F|  |TAMS 0x0000000716400000| PB 0x0000000716400000| Untracked |  0
| 103|0x0000000716600000, 0x0000000716600000, 0x0000000716800000|  0%| F|  |TAMS 0x0000000716600000| PB 0x0000000716600000| Untracked |  0
| 104|0x0000000716800000, 0x0000000716800000, 0x0000000716a00000|  0%| F|  |TAMS 0x0000000716800000| PB 0x0000000716800000| Untracked |  0
| 105|0x0000000716a00000, 0x0000000716a00000, 0x0000000716c00000|  0%| F|  |TAMS 0x0000000716a00000| PB 0x0000000716a00000| Untracked |  0
| 106|0x0000000716c00000, 0x0000000716c00000, 0x0000000716e00000|  0%| F|  |TAMS 0x0000000716c00000| PB 0x0000000716c00000| Untracked |  0
| 107|0x0000000716e00000, 0x0000000716e00000, 0x0000000717000000|  0%| F|  |TAMS 0x0000000716e00000| PB 0x0000000716e00000| Untracked |  0
| 108|0x0000000717000000, 0x0000000717000000, 0x0000000717200000|  0%| F|  |TAMS 0x0000000717000000| PB 0x0000000717000000| Untracked |  0
| 109|0x0000000717200000, 0x0000000717200000, 0x0000000717400000|  0%| F|  |TAMS 0x0000000717200000| PB 0x0000000717200000| Untracked |  0
| 110|0x0000000717400000, 0x0000000717400000, 0x0000000717600000|  0%| F|  |TAMS 0x0000000717400000| PB 0x0000000717400000| Untracked |  0
| 111|0x0000000717600000, 0x0000000717600000, 0x0000000717800000|  0%| F|  |TAMS 0x0000000717600000| PB 0x0000000717600000| Untracked |  0
| 112|0x0000000717800000, 0x0000000717800000, 0x0000000717a00000|  0%| F|  |TAMS 0x0000000717800000| PB 0x0000000717800000| Untracked |  0
| 113|0x0000000717a00000, 0x0000000717a00000, 0x0000000717c00000|  0%| F|  |TAMS 0x0000000717a00000| PB 0x0000000717a00000| Untracked |  0
| 114|0x0000000717c00000, 0x0000000717c00000, 0x0000000717e00000|  0%| F|  |TAMS 0x0000000717c00000| PB 0x0000000717c00000| Untracked |  0
| 115|0x0000000717e00000, 0x0000000717e00000, 0x0000000718000000|  0%| F|  |TAMS 0x0000000717e00000| PB 0x0000000717e00000| Untracked |  0
| 116|0x0000000718000000, 0x0000000718000000, 0x0000000718200000|  0%| F|  |TAMS 0x0000000718000000| PB 0x0000000718000000| Untracked |  0
| 117|0x0000000718200000, 0x0000000718200000, 0x0000000718400000|  0%| F|  |TAMS 0x0000000718200000| PB 0x0000000718200000| Untracked |  0
| 118|0x0000000718400000, 0x0000000718572a88, 0x0000000718600000| 72%| E|  |TAMS 0x0000000718400000| PB 0x0000000718400000| Complete |  0
| 119|0x0000000718600000, 0x0000000718800000, 0x0000000718800000|100%| E|CS|TAMS 0x0000000718600000| PB 0x0000000718600000| Complete |  0
| 120|0x0000000718800000, 0x0000000718a00000, 0x0000000718a00000|100%| E|CS|TAMS 0x0000000718800000| PB 0x0000000718800000| Complete |  0
| 121|0x0000000718a00000, 0x0000000718c00000, 0x0000000718c00000|100%| E|CS|TAMS 0x0000000718a00000| PB 0x0000000718a00000| Complete |  0
| 122|0x0000000718c00000, 0x0000000718e00000, 0x0000000718e00000|100%| E|CS|TAMS 0x0000000718c00000| PB 0x0000000718c00000| Complete |  0
| 123|0x0000000718e00000, 0x0000000719000000, 0x0000000719000000|100%| E|CS|TAMS 0x0000000718e00000| PB 0x0000000718e00000| Complete |  0

Card table byte_map: [0x0000021ed04e0000,0x0000021ed0ca0000] _byte_map_base: 0x0000021eccc94000

Marking Bits: (CMBitMap*) 0x0000021eb65c40b0
 Bits: [0x0000021ed0ca0000, 0x0000021ed4a40000)

Polling page: 0x0000021eb62c0000

Metaspace:

Usage:
  Non-class:      7.92 MB used.
      Class:      1.08 MB used.
       Both:      9.00 MB used.

Virtual space:
  Non-class space:       64.00 MB reserved,       8.00 MB ( 12%) committed,  1 nodes.
      Class space:        1.00 GB reserved,       1.19 MB ( <1%) committed,  1 nodes.
             Both:        1.06 GB reserved,       9.19 MB ( <1%) committed. 

Chunk freelists:
   Non-Class:  8.00 MB
       Class:  14.75 MB
        Both:  22.75 MB

MaxMetaspaceSize: unlimited
CompressedClassSpaceSize: 1.00 GB
Initial GC threshold: 21.00 MB
Current GC threshold: 21.00 MB
CDS: on
 - commit_granule_bytes: 65536.
 - commit_granule_words: 8192.
 - virtual_space_node_default_size: 8388608.
 - enlarge_chunks_in_place: 1.
 - use_allocation_guard: 0.


Internal statistics:

num_allocs_failed_limit: 0.
num_arena_births: 160.
num_arena_deaths: 0.
num_vsnodes_births: 2.
num_vsnodes_deaths: 0.
num_space_committed: 147.
num_space_uncommitted: 0.
num_chunks_returned_to_freelist: 0.
num_chunks_taken_from_freelist: 215.
num_chunk_merges: 0.
num_chunk_splits: 123.
num_chunks_enlarged: 47.
num_inconsistent_stats: 0.

CodeHeap 'non-profiled nmethods': size=120000Kb used=262Kb max_used=262Kb free=119737Kb
 bounds [0x0000021ec7b60000, 0x0000021ec7dd0000, 0x0000021ecf090000]
CodeHeap 'profiled nmethods': size=120000Kb used=1337Kb max_used=1337Kb free=118663Kb
 bounds [0x0000021ec0090000, 0x0000021ec0300000, 0x0000021ec75c0000]
CodeHeap 'non-nmethods': size=5760Kb used=1585Kb max_used=1599Kb free=4174Kb
 bounds [0x0000021ec75c0000, 0x0000021ec7830000, 0x0000021ec7b60000]
 total_blobs=1582 nmethods=936 adapters=551
 compilation: enabled
              stopped_count=0, restarted_count=0
 full_count=0

Compilation events (20 events):
Event: 0.832 Thread 0x0000021ed7765890  774       3       java.nio.ByteBufferAsCharBufferB::byteOffset (9 bytes)
Event: 0.832 Thread 0x0000021ed7765890 nmethod 774 0x0000021ec01a2f90 code [0x0000021ec01a3120, 0x0000021ec01a3240]
Event: 0.832 Thread 0x0000021ed7765890  770       3       jdk.internal.misc.Unsafe::getCharUnaligned (34 bytes)
Event: 0.832 Thread 0x0000021ed775df20 nmethod 775 0x0000021ec7b98c90 code [0x0000021ec7b98e00, 0x0000021ec7b98eb0]
Event: 0.832 Thread 0x0000021ed7765890 nmethod 770 0x0000021ec01a3310 code [0x0000021ec01a34e0, 0x0000021ec01a3888]
Event: 0.838 Thread 0x0000021ed7765890  776       1       java.lang.Thread::isInterrupted (5 bytes)
Event: 0.838 Thread 0x0000021ed7765890 nmethod 776 0x0000021ec7b98f90 code [0x0000021ec7b99120, 0x0000021ec7b991f0]
Event: 0.842 Thread 0x0000021ed7765890  778       3       sun.util.locale.LocaleUtils::isUpper (18 bytes)
Event: 0.842 Thread 0x0000021ed7765890 nmethod 778 0x0000021ec01a3a10 code [0x0000021ec01a3ba0, 0x0000021ec01a3d10]
Event: 0.844 Thread 0x0000021ed7765890  780       3       java.nio.channels.spi.AbstractInterruptibleChannel::isOpen (13 bytes)
Event: 0.844 Thread 0x0000021ed7765890 nmethod 780 0x0000021ec01a3d90 code [0x0000021ec01a3f20, 0x0000021ec01a4080]
Event: 0.844 Thread 0x0000021ed7765890  781       3       java.nio.channels.spi.AbstractInterruptibleChannel::blockedOn (10 bytes)
Event: 0.844 Thread 0x0000021ed7765890 nmethod 781 0x0000021ec01a4110 code [0x0000021ec01a42c0, 0x0000021ec01a44f8]
Event: 0.844 Thread 0x0000021ed7765890  779       1       sun.nio.ch.NativeThread::currentNativeThread (2 bytes)
Event: 0.844 Thread 0x0000021ed775df20  782       4       jdk.internal.misc.Unsafe::getCharUnaligned (12 bytes)
Event: 0.844 Thread 0x0000021ed7765890 nmethod 779 0x0000021ec7b99590 code [0x0000021ec7b99720, 0x0000021ec7b997d0]
Event: 0.844 Thread 0x0000021ed7765890  784       3       java.nio.Buffer::position (52 bytes)
Event: 0.845 Thread 0x0000021ed7765890 nmethod 784 0x0000021ec01a4610 code [0x0000021ec01a47c0, 0x0000021ec01a4a18]
Event: 0.845 Thread 0x0000021ed775df20 nmethod 782 0x0000021ec7b99890 code [0x0000021ec7b99a20, 0x0000021ec7b99af0]
Event: 0.845 Thread 0x0000021ed775df20  783       4       java.nio.ByteBufferAsCharBufferB::get (30 bytes)

GC Heap History (0 events):
No events

Dll operation events (13 events):
Event: 0.025 Loaded shared library C:\Program Files\Java\jdk-22\bin\java.dll
Event: 0.078 Loaded shared library C:\Program Files\Java\jdk-22\bin\jsvml.dll
Event: 0.140 Loaded shared library C:\Program Files\Java\jdk-22\bin\zip.dll
Event: 0.148 Loaded shared library C:\Program Files\Java\jdk-22\bin\instrument.dll
Event: 0.158 Loaded shared library C:\Program Files\Java\jdk-22\bin\net.dll
Event: 0.163 Loaded shared library C:\Program Files\Java\jdk-22\bin\nio.dll
Event: 0.174 Loaded shared library C:\Program Files\Java\jdk-22\bin\zip.dll
Event: 0.197 Loaded shared library C:\Program Files\JetBrains\IntelliJ IDEA 2024.2.0.1\bin\breakgen64.dll
Event: 0.215 Loaded shared library C:\Program Files\Java\jdk-22\bin\extnet.dll
Event: 0.221 Loaded shared library C:\Program Files\Java\jdk-22\bin\jimage.dll
Event: 0.248 Loaded shared library C:\Program Files\Java\jdk-22\bin\awt.dll
Event: 0.662 Loaded shared library C:\Program Files\Java\jdk-22\bin\freetype.dll
Event: 0.665 Loaded shared library C:\Program Files\Java\jdk-22\bin\fontmanager.dll

Deoptimization events (20 events):
Event: 0.518 Thread 0x0000021eb6316360 Uncommon trap: trap_request=0xffffffc6 fr.pc=0x0000021ec7b6e0d4 relative=0x0000000000000b94
Event: 0.518 Thread 0x0000021eb6316360 Uncommon trap: reason=bimorphic_or_optimized_type_check action=maybe_recompile pc=0x0000021ec7b6e0d4 method=java.util.HashMap.putVal(ILjava/lang/Object;Ljava/lang/Object;ZZ)Ljava/lang/Object; @ 56 c2
Event: 0.518 Thread 0x0000021eb6316360 DEOPT PACKING pc=0x0000021ec7b6e0d4 sp=0x0000008f923fedd0
Event: 0.518 Thread 0x0000021eb6316360 DEOPT UNPACKING pc=0x0000021ec76146a2 sp=0x0000008f923fed58 mode 2
Event: 0.518 Thread 0x0000021eb6316360 Uncommon trap: trap_request=0xffffffc6 fr.pc=0x0000021ec7b6e0d4 relative=0x0000000000000b94
Event: 0.518 Thread 0x0000021eb6316360 Uncommon trap: reason=bimorphic_or_optimized_type_check action=maybe_recompile pc=0x0000021ec7b6e0d4 method=java.util.HashMap.putVal(ILjava/lang/Object;Ljava/lang/Object;ZZ)Ljava/lang/Object; @ 56 c2
Event: 0.518 Thread 0x0000021eb6316360 DEOPT PACKING pc=0x0000021ec7b6e0d4 sp=0x0000008f923fedd0
Event: 0.518 Thread 0x0000021eb6316360 DEOPT UNPACKING pc=0x0000021ec76146a2 sp=0x0000008f923fed58 mode 2
Event: 0.518 Thread 0x0000021eb6316360 Uncommon trap: trap_request=0xffffffc6 fr.pc=0x0000021ec7b6e0d4 relative=0x0000000000000b94
Event: 0.518 Thread 0x0000021eb6316360 Uncommon trap: reason=bimorphic_or_optimized_type_check action=maybe_recompile pc=0x0000021ec7b6e0d4 method=java.util.HashMap.putVal(ILjava/lang/Object;Ljava/lang/Object;ZZ)Ljava/lang/Object; @ 56 c2
Event: 0.518 Thread 0x0000021eb6316360 DEOPT PACKING pc=0x0000021ec7b6e0d4 sp=0x0000008f923fedd0
Event: 0.518 Thread 0x0000021eb6316360 DEOPT UNPACKING pc=0x0000021ec76146a2 sp=0x0000008f923fed58 mode 2
Event: 0.518 Thread 0x0000021eb6316360 Uncommon trap: trap_request=0xffffffc6 fr.pc=0x0000021ec7b6e0d4 relative=0x0000000000000b94
Event: 0.518 Thread 0x0000021eb6316360 Uncommon trap: reason=bimorphic_or_optimized_type_check action=maybe_recompile pc=0x0000021ec7b6e0d4 method=java.util.HashMap.putVal(ILjava/lang/Object;Ljava/lang/Object;ZZ)Ljava/lang/Object; @ 56 c2
Event: 0.518 Thread 0x0000021eb6316360 DEOPT PACKING pc=0x0000021ec7b6e0d4 sp=0x0000008f923fedd0
Event: 0.518 Thread 0x0000021eb6316360 DEOPT UNPACKING pc=0x0000021ec76146a2 sp=0x0000008f923fed58 mode 2
Event: 0.823 Thread 0x0000021f1dda0870 Uncommon trap: trap_request=0xffffff45 fr.pc=0x0000021ec7b914d4 relative=0x0000000000000934
Event: 0.823 Thread 0x0000021f1dda0870 Uncommon trap: reason=unstable_if action=reinterpret pc=0x0000021ec7b914d4 method=java.util.HashMap.putVal(ILjava/lang/Object;Ljava/lang/Object;ZZ)Ljava/lang/Object; @ 181 c2
Event: 0.823 Thread 0x0000021f1dda0870 DEOPT PACKING pc=0x0000021ec7b914d4 sp=0x0000008f943fc590
Event: 0.823 Thread 0x0000021f1dda0870 DEOPT UNPACKING pc=0x0000021ec76146a2 sp=0x0000008f943fc4c8 mode 2

Classes loaded (20 events):
Event: 0.839 Loading class java/awt/PrintGraphics
Event: 0.839 Loading class java/awt/PrintGraphics done
Event: 0.839 Loading class sun/java2d/loops/FontInfo
Event: 0.839 Loading class sun/java2d/loops/FontInfo done
Event: 0.840 Loading class java/awt/im/InputContext
Event: 0.840 Loading class java/awt/im/InputContext done
Event: 0.840 Loading class sun/awt/im/InputMethodContext
Event: 0.840 Loading class java/awt/im/spi/InputMethodContext
Event: 0.840 Loading class java/awt/im/InputMethodRequests
Event: 0.840 Loading class java/awt/im/InputMethodRequests done
Event: 0.840 Loading class java/awt/im/spi/InputMethodContext done
Event: 0.840 Loading class sun/awt/im/InputContext
Event: 0.841 Loading class sun/awt/im/InputContext done
Event: 0.841 Loading class sun/awt/im/InputMethodContext done
Event: 0.841 Loading class sun/awt/windows/WInputMethod
Event: 0.841 Loading class sun/awt/im/InputMethodAdapter
Event: 0.841 Loading class java/awt/im/spi/InputMethod
Event: 0.842 Loading class java/awt/im/spi/InputMethod done
Event: 0.842 Loading class sun/awt/im/InputMethodAdapter done
Event: 0.842 Loading class sun/awt/windows/WInputMethod done

Classes unloaded (0 events):
No events

Classes redefined (0 events):
No events

Internal exceptions (14 events):
Event: 0.181 Thread 0x0000021eb6316360 Exception <a 'java/lang/NoSuchMethodError'{0x0000000718d47b00}: 'void java.lang.invoke.DirectMethodHandle$Holder.invokeStatic(java.lang.Object, java.lang.Object, java.lang.Object)'> (0x0000000718d47b00) 
thrown [s\open\src\hotspot\share\interpreter\linkResolver.cpp, line 774]
Event: 0.188 Thread 0x0000021eb6316360 Exception <a 'java/lang/NoSuchMethodError'{0x0000000718d5f598}: 'java.lang.Object java.lang.invoke.Invokers$Holder.invokeExact_MT(java.lang.Object, java.lang.Object, java.lang.Object, java.lang.Object, java.lang.Object)'> (0x0000000718d5f598) 
thrown [s\open\src\hotspot\share\interpreter\linkResolver.cpp, line 774]
Event: 0.217 Thread 0x0000021ed7ae9a40 Exception <a 'java/lang/NoSuchMethodError'{0x0000000718d79910}: 'void java.lang.invoke.DirectMethodHandle$Holder.invokeStatic(java.lang.Object, java.lang.Object)'> (0x0000000718d79910) 
thrown [s\open\src\hotspot\share\interpreter\linkResolver.cpp, line 774]
Event: 0.230 Thread 0x0000021eb6316360 Exception <a 'java/lang/ClassNotFoundException'{0x0000000718dfaff8}: sun/awt/resources/spi/awtProvider> (0x0000000718dfaff8) 
thrown [s\open\src\hotspot\share\classfile\systemDictionary.cpp, line 313]
Event: 0.262 Thread 0x0000021eb6316360 Exception <a 'java/io/FileNotFoundException'{0x0000000718a4c1f0}> (0x0000000718a4c1f0) 
thrown [s\open\src\hotspot\share\prims\jni.cpp, line 520]
Event: 0.274 Thread 0x0000021eb6316360 Exception <a 'java/io/FileNotFoundException'{0x0000000718a7a220}> (0x0000000718a7a220) 
thrown [s\open\src\hotspot\share\prims\jni.cpp, line 520]
Event: 0.461 Thread 0x0000021eb6316360 Exception <a 'java/lang/NoSuchMethodError'{0x00000007188071a8}: 'void java.lang.invoke.DirectMethodHandle$Holder.invokeSpecial(java.lang.Object, java.lang.Object, java.lang.Object)'> (0x00000007188071a8) 
thrown [s\open\src\hotspot\share\interpreter\linkResolver.cpp, line 774]
Event: 0.472 Thread 0x0000021eb6316360 Exception <a 'java/lang/NoSuchMethodError'{0x000000071882d108}: 'java.lang.Object java.lang.invoke.DirectMethodHandle$Holder.newInvokeSpecial(java.lang.Object, java.lang.Object, java.lang.Object, java.lang.Object, java.lang.Object)'> (0x000000071882d108) 
thrown [s\open\src\hotspot\share\interpreter\linkResolver.cpp, line 774]
Event: 0.481 Thread 0x0000021eb6316360 Exception <a 'java/lang/NoSuchMethodError'{0x0000000718859820}: 'java.lang.Object java.lang.invoke.DirectMethodHandle$Holder.invokeStatic(java.lang.Object, int, java.lang.Object)'> (0x0000000718859820) 
thrown [s\open\src\hotspot\share\interpreter\linkResolver.cpp, line 774]
Event: 0.517 Thread 0x0000021eb6316360 Exception <a 'java/lang/ClassNotFoundException'{0x00000007188fb9f0}: com/sun/swing/internal/plaf/metal/resources/spi/metalProvider> (0x00000007188fb9f0) 
thrown [s\open\src\hotspot\share\classfile\systemDictionary.cpp, line 313]
Event: 0.519 Thread 0x0000021eb6316360 Exception <a 'java/lang/ClassNotFoundException'{0x00000007188ff9a0}: com/sun/swing/internal/plaf/basic/resources/spi/basicProvider> (0x00000007188ff9a0) 
thrown [s\open\src\hotspot\share\classfile\systemDictionary.cpp, line 313]
Event: 0.535 Thread 0x0000021eb6316360 Exception <a 'java/lang/NoSuchMethodError'{0x000000071891bf38}: 'int java.lang.invoke.Invokers$Holder.invokeExact_MT(java.lang.Object, java.lang.Object)'> (0x000000071891bf38) 
thrown [s\open\src\hotspot\share\interpreter\linkResolver.cpp, line 774]
Event: 0.630 Thread 0x0000021ed7bf9e20 Exception <a 'java/lang/NoSuchMethodError'{0x0000000718b7f300}: 'void java.lang.invoke.DirectMethodHandle$Holder.invokeVirtual(java.lang.Object, java.lang.Object)'> (0x0000000718b7f300) 
thrown [s\open\src\hotspot\share\interpreter\linkResolver.cpp, line 774]
Event: 0.650 Thread 0x0000021eb6316360 Exception <a 'java/lang/NoSuchMethodError'{0x0000000718604170}: 'void java.lang.invoke.DirectMethodHandle$Holder.invokeStaticInit(java.lang.Object)'> (0x0000000718604170) 
thrown [s\open\src\hotspot\share\interpreter\linkResolver.cpp, line 774]

ZGC Phase Switch (0 events):
No events

VM Operations (6 events):
Event: 0.117 Executing VM operation: HandshakeAllThreads (Deoptimize)
Event: 0.117 Executing VM operation: HandshakeAllThreads (Deoptimize) done
Event: 0.288 Executing VM operation: HandshakeAllThreads (Deoptimize)
Event: 0.288 Executing VM operation: HandshakeAllThreads (Deoptimize) done
Event: 0.565 Executing VM operation: HandshakeAllThreads (Deoptimize)
Event: 0.565 Executing VM operation: HandshakeAllThreads (Deoptimize) done

Memory protections (0 events):
No events

Nmethod flushes (0 events):
No events

Events (19 events):
Event: 0.049 Thread 0x0000021eb6316360 Thread added: 0x0000021eb6316360
Event: 0.073 Thread 0x0000021eb6316360 Thread added: 0x0000021ed773d220
Event: 0.073 Thread 0x0000021eb6316360 Thread added: 0x0000021ed773ea00
Event: 0.073 Thread 0x0000021eb6316360 Thread added: 0x0000021ed773fa80
Event: 0.073 Thread 0x0000021eb6316360 Thread added: 0x0000021ed77444b0
Event: 0.074 Thread 0x0000021eb6316360 Thread added: 0x0000021ed7744b20
Event: 0.074 Thread 0x0000021eb6316360 Thread added: 0x0000021ed7749400
Event: 0.074 Thread 0x0000021eb6316360 Thread added: 0x0000021ed775df20
Event: 0.074 Thread 0x0000021eb6316360 Thread added: 0x0000021ed7765890
Event: 0.109 Thread 0x0000021eb6316360 Thread added: 0x0000021ed796c860
Event: 0.197 Thread 0x0000021eb6316360 Thread added: 0x0000021ed7ae9a40
Event: 0.198 Thread 0x0000021eb6316360 Thread added: 0x0000021ed7a9cdf0
Event: 0.351 Thread 0x0000021eb6316360 Thread added: 0x0000021ed7bef1c0
Event: 0.354 Thread 0x0000021eb6316360 Thread added: 0x0000021ed7bf5010
Event: 0.356 Thread 0x0000021eb6316360 Thread added: 0x0000021ed7bf9e20
Event: 0.611 Thread 0x0000021eb6316360 Thread added: 0x0000021f1dda0870
Event: 0.809 Thread 0x0000021f1dda0870 Thread added: 0x0000021f1ded7830
Event: 0.811 Thread 0x0000021eb6316360 Thread exited: 0x0000021eb6316360
Event: 0.811 Thread 0x0000021eb6316360 Thread added: 0x0000021eb6316360


Dynamic libraries:
0x00007ff648400000 - 0x00007ff648410000 	C:\Program Files\Java\jdk-22\bin\java.exe
0x00007fffda270000 - 0x00007fffda487000 	C:\WINDOWS\SYSTEM32\ntdll.dll
0x00007fffd8e40000 - 0x00007fffd8f04000 	C:\WINDOWS\System32\KERNEL32.DLL
0x00007fffd7bf0000 - 0x00007fffd7f9d000 	C:\WINDOWS\System32\KERNELBASE.dll
0x00007fffd75c0000 - 0x00007fffd76d1000 	C:\WINDOWS\System32\ucrtbase.dll
0x00007fffcf7f0000 - 0x00007fffcf80b000 	C:\Program Files\Java\jdk-22\bin\VCRUNTIME140.dll
0x00007fffcf7d0000 - 0x00007fffcf7e7000 	C:\Program Files\Java\jdk-22\bin\jli.dll
0x00007fffd8130000 - 0x00007fffd82de000 	C:\WINDOWS\System32\USER32.dll
0x00007fffd7590000 - 0x00007fffd75b6000 	C:\WINDOWS\System32\win32u.dll
0x00007fffda120000 - 0x00007fffda149000 	C:\WINDOWS\System32\GDI32.dll
0x00007fffd7800000 - 0x00007fffd7919000 	C:\WINDOWS\System32\gdi32full.dll
0x00007fffd76e0000 - 0x00007fffd777a000 	C:\WINDOWS\System32\msvcp_win.dll
0x00007fffc2f50000 - 0x00007fffc31e3000 	C:\WINDOWS\WinSxS\amd64_microsoft.windows.common-controls_6595b64144ccf1df_6.0.22621.3672_none_2713b9d173822955\COMCTL32.dll
0x00007fffd82e0000 - 0x00007fffd8387000 	C:\WINDOWS\System32\msvcrt.dll
0x00007fffda0e0000 - 0x00007fffda111000 	C:\WINDOWS\System32\IMM32.DLL
0x00007fffcf7c0000 - 0x00007fffcf7cc000 	C:\Program Files\Java\jdk-22\bin\vcruntime140_1.dll
0x00007fffcf730000 - 0x00007fffcf7be000 	C:\Program Files\Java\jdk-22\bin\msvcp140.dll
0x00007fff55f30000 - 0x00007fff56c79000 	C:\Program Files\Java\jdk-22\bin\server\jvm.dll
0x00007fffd83f0000 - 0x00007fffd84a2000 	C:\WINDOWS\System32\ADVAPI32.dll
0x00007fffd9840000 - 0x00007fffd98e9000 	C:\WINDOWS\System32\sechost.dll
0x00007fffd79e0000 - 0x00007fffd7a08000 	C:\WINDOWS\System32\bcrypt.dll
0x00007fffd84b0000 - 0x00007fffd85c4000 	C:\WINDOWS\System32\RPCRT4.dll
0x00007fffd9980000 - 0x00007fffd99f1000 	C:\WINDOWS\System32\WS2_32.dll
0x00007fffd7450000 - 0x00007fffd749d000 	C:\WINDOWS\SYSTEM32\POWRPROF.dll
0x00007fffd1740000 - 0x00007fffd1774000 	C:\WINDOWS\SYSTEM32\WINMM.dll
0x00007fffce010000 - 0x00007fffce01a000 	C:\WINDOWS\SYSTEM32\VERSION.dll
0x00007fffd7430000 - 0x00007fffd7443000 	C:\WINDOWS\SYSTEM32\UMPDC.dll
0x00007fffd65c0000 - 0x00007fffd65d8000 	C:\WINDOWS\SYSTEM32\kernel.appcore.dll
0x00007fffcf720000 - 0x00007fffcf72a000 	C:\Program Files\Java\jdk-22\bin\jimage.dll
0x00007fffd4d50000 - 0x00007fffd4f82000 	C:\WINDOWS\SYSTEM32\DBGHELP.DLL
0x00007fffd9010000 - 0x00007fffd939d000 	C:\WINDOWS\System32\combase.dll
0x00007fffda150000 - 0x00007fffda227000 	C:\WINDOWS\System32\OLEAUT32.dll
0x00007fffc20e0000 - 0x00007fffc2112000 	C:\WINDOWS\SYSTEM32\dbgcore.DLL
0x00007fffd7780000 - 0x00007fffd77fb000 	C:\WINDOWS\System32\bcryptPrimitives.dll
0x00007fffcf710000 - 0x00007fffcf71f000 	C:\Program Files\Java\jdk-22\bin\instrument.dll
0x00007fffcf6f0000 - 0x00007fffcf70e000 	C:\Program Files\Java\jdk-22\bin\java.dll
0x00007fffd85d0000 - 0x00007fffd8e38000 	C:\WINDOWS\System32\SHELL32.dll
0x00007fffd9690000 - 0x00007fffd9835000 	C:\WINDOWS\System32\ole32.dll
0x00007fffd54e0000 - 0x00007fffd5dde000 	C:\WINDOWS\SYSTEM32\windows.storage.dll
0x00007fffd53a0000 - 0x00007fffd54df000 	C:\WINDOWS\SYSTEM32\wintypes.dll
0x00007fffd93a0000 - 0x00007fffd9499000 	C:\WINDOWS\System32\SHCORE.dll
0x00007fffd8390000 - 0x00007fffd83ee000 	C:\WINDOWS\System32\shlwapi.dll
0x00007fffd74c0000 - 0x00007fffd74e1000 	C:\WINDOWS\SYSTEM32\profapi.dll
0x00007fffca7d0000 - 0x00007fffca8a7000 	C:\Program Files\Java\jdk-22\bin\jsvml.dll
0x00007fffcf6d0000 - 0x00007fffcf6e7000 	C:\Program Files\Java\jdk-22\bin\zip.dll
0x00007fffcf6c0000 - 0x00007fffcf6d0000 	C:\Program Files\Java\jdk-22\bin\net.dll
0x00007fffd6a30000 - 0x00007fffd6a99000 	C:\WINDOWS\system32\mswsock.dll
0x00007fffce190000 - 0x00007fffce1a6000 	C:\Program Files\Java\jdk-22\bin\nio.dll
0x00007fffca780000 - 0x00007fffca79a000 	C:\Program Files\JetBrains\IntelliJ IDEA 2024.2.0.1\bin\breakgen64.dll
0x00007fffce530000 - 0x00007fffce539000 	C:\Program Files\Java\jdk-22\bin\extnet.dll
0x00007fffca110000 - 0x00007fffca29e000 	C:\Program Files\Java\jdk-22\bin\awt.dll
0x00007fffd0330000 - 0x00007fffd03c7000 	C:\WINDOWS\SYSTEM32\apphelp.dll
0x00007fffd4800000 - 0x00007fffd482b000 	C:\WINDOWS\system32\DWMAPI.DLL
0x00007fffd45d0000 - 0x00007fffd4680000 	C:\WINDOWS\system32\uxtheme.dll
0x00007fff7f460000 - 0x00007fff7f560000 	C:\WINDOWS\system32\opengl32.dll
0x00007fff7ebd0000 - 0x00007fff7ebfd000 	C:\WINDOWS\SYSTEM32\GLU32.dll
0x00007fffd46b0000 - 0x00007fffd46e7000 	C:\WINDOWS\SYSTEM32\dxcore.dll
0x00007fffd7fd0000 - 0x00007fffd812b000 	C:\WINDOWS\System32\MSCTF.dll
0x00007fff81240000 - 0x00007fff813e8000 	C:\WINDOWS\system32\d3d9.dll
0x00007fffcc150000 - 0x00007fffcc30b000 	C:\WINDOWS\System32\DriverStore\FileRepository\u0388603.inf_amd64_240ee6c11b16ac65\B388510\aticfx64.dll
0x00007fffca740000 - 0x00007fffca774000 	C:\WINDOWS\System32\DriverStore\FileRepository\u0388603.inf_amd64_240ee6c11b16ac65\B388510\atiu9p64.dll
0x00007fff551d0000 - 0x00007fff55f25000 	C:\WINDOWS\System32\DriverStore\FileRepository\u0388603.inf_amd64_240ee6c11b16ac65\B388510\atiumd64.dll
0x000000006dcf0000 - 0x000000006ec17000 	C:\WINDOWS\System32\DriverStore\FileRepository\u0388603.inf_amd64_240ee6c11b16ac65\B388510\atiumd6a.dll
0x00007fffd9c00000 - 0x00007fffda074000 	C:\WINDOWS\System32\SETUPAPI.dll
0x00007fffcbda0000 - 0x00007fffcbdd5000 	C:\WINDOWS\SYSTEM32\amdihk64.dll
0x00007fffcdfa0000 - 0x00007fffcdfe9000 	C:\WINDOWS\SYSTEM32\directxdatabasehelper.dll
0x00007fffb9a80000 - 0x00007fffb9b07000 	C:\Program Files\Java\jdk-22\bin\freetype.dll
0x00007fffb99a0000 - 0x00007fffb9a77000 	C:\Program Files\Java\jdk-22\bin\fontmanager.dll
0x00007fffd95e0000 - 0x00007fffd9690000 	C:\WINDOWS\System32\clbcatq.dll
0x00007fffd43b0000 - 0x00007fffd4561000 	C:\WINDOWS\SYSTEM32\WindowsCodecs.dll
0x00007fffb2290000 - 0x00007fffb22ee000 	C:\WINDOWS\system32\dataexchange.dll
0x00007fffcca30000 - 0x00007fffcccba000 	C:\WINDOWS\system32\twinapi.appcore.dll
0x00007fffc6460000 - 0x00007fffc65ae000 	C:\WINDOWS\SYSTEM32\textinputframework.dll
0x00007fffcfa70000 - 0x00007fffcfba3000 	C:\WINDOWS\SYSTEM32\CoreMessaging.dll
0x00007fffcd990000 - 0x00007fffcdcfd000 	C:\WINDOWS\SYSTEM32\CoreUIComponents.dll
0x00007fffd6cb0000 - 0x00007fffd6cbc000 	C:\WINDOWS\SYSTEM32\CRYPTBASE.DLL

dbghelp: loaded successfully - version: 4.0.5 - missing functions: none
symbol engine: initialized successfully - sym options: 0x614 - pdb path: .;C:\Program Files\Java\jdk-22\bin;C:\WINDOWS\SYSTEM32;C:\WINDOWS\WinSxS\amd64_microsoft.windows.common-controls_6595b64144ccf1df_6.0.22621.3672_none_2713b9d173822955;C:\Program Files\Java\jdk-22\bin\server;C:\Program Files\JetBrains\IntelliJ IDEA 2024.2.0.1\bin;C:\WINDOWS\System32\DriverStore\FileRepository\u0388603.inf_amd64_240ee6c11b16ac65\B388510

VM Arguments:
jvm_args: -javaagent:C:\Program Files\JetBrains\IntelliJ IDEA 2024.2.0.1\lib\idea_rt.jar=49855:C:\Program Files\JetBrains\IntelliJ IDEA 2024.2.0.1\bin -Dfile.encoding=UTF-8 -Dsun.stdout.encoding=UTF-8 -Dsun.stderr.encoding=UTF-8 
java_command: Hotel.Management.System.add_room
java_class_path (initial): C:\Users\joshi\OneDrive\Desktop\HOTEL MANAGEMENT SYSTEM PROJECT\Hotel Management System-2\out\production\Hotel Management System-2;C:\Users\joshi\OneDrive\Desktop\HOTEL MANAGEMENT SYSTEM PROJECT\Hotel Management System-2\mysql-connector-java-8.0.28.jar
Launcher Type: SUN_STANDARD

[Global flags]
     intx CICompilerCount                          = 4                                         {product} {ergonomic}
     uint ConcGCThreads                            = 3                                         {product} {ergonomic}
     uint G1ConcRefinementThreads                  = 10                                        {product} {ergonomic}
   size_t G1HeapRegionSize                         = 2097152                                   {product} {ergonomic}
   size_t InitialHeapSize                          = 260046848                                 {product} {ergonomic}
   size_t MarkStackSize                            = 4194304                                   {product} {ergonomic}
   size_t MaxHeapSize                              = 4135583744                                {product} {ergonomic}
   size_t MaxNewSize                               = 2480930816                                {product} {ergonomic}
   size_t MinHeapDeltaBytes                        = 2097152                                   {product} {ergonomic}
   size_t MinHeapSize                              = 8388608                                   {product} {ergonomic}
    uintx NonNMethodCodeHeapSize                   = 5839372                                {pd product} {ergonomic}
    uintx NonProfiledCodeHeapSize                  = 122909434                              {pd product} {ergonomic}
    uintx ProfiledCodeHeapSize                     = 122909434                              {pd product} {ergonomic}
    uintx ReservedCodeCacheSize                    = 251658240                              {pd product} {ergonomic}
     bool SegmentedCodeCache                       = true                                      {product} {ergonomic}
   size_t SoftMaxHeapSize                          = 4135583744                             {manageable} {ergonomic}
     bool UseCompressedOops                        = true                           {product lp64_product} {ergonomic}
     bool UseG1GC                                  = true                                      {product} {ergonomic}
     bool UseLargePagesIndividualAllocation        = false                                  {pd product} {ergonomic}

Logging:
Log output configuration:
 #0: stdout all=warning uptime,level,tags foldmultilines=false
 #1: stderr all=off uptime,level,tags foldmultilines=false

Environment Variables:
PATH=C:\Program Files\Common Files\Oracle\Java\javapath;C:\WINDOWS\system32;C:\WINDOWS;C:\WINDOWS\System32\Wbem;C:\WINDOWS\System32\WindowsPowerShell\v1.0\;C:\WINDOWS\System32\OpenSSH\;C:\MinGW\bin;C:\Program Files\Java\jdk-22\bin;C:\Program Files\Git\cmd;C:\Program Files (x86)\MySQL\mysql-connector-j-9.0.0;C:\Program Files\MySQL\MySQL Shell 8.0\bin;C:\Users\joshi\AppData\Local\Packages\PythonSoftwareFoundation.Python.3.11_qbz5n2kfra8p0\LocalCache\local-packages\Python311\Scripts;C:\Program Files\MySQL\MySQL Shell 8.0\bin\;C:\Users\joshi\AppData\Local\Programs\Python\Launcher\;C:\Users\joshi\AppData\Local\Microsoft\WindowsApps;C:\Users\joshi\AppData\Local\Programs\Microsoft VS Code\bin;C:\Program Files\Java\jdk-22\bin;C:\Program Files (x86)\MySQL\mysql-connector-j-9.0.0;C:\Users\joshi\AppData\Local\Packages\PythonSoftwareFoundation.Python.3.11_qbz5n2kfra8p0\LocalCache\local-packages\Python311\Scripts;;C:\Program Files\JetBrains\IntelliJ IDEA 2024.2.0.1\bin;
USERNAME=joshi
OS=Windows_NT
PROCESSOR_IDENTIFIER=AMD64 Family 25 Model 80 Stepping 0, AuthenticAMD
TMP=C:\Users\joshi\AppData\Local\Temp
TEMP=C:\Users\joshi\AppData\Local\Temp




Periodic native trim disabled

---------------  S Y S T E M  ---------------

OS:
 Windows 11 , 64 bit Build 22621 (10.0.22621.3958)
OS uptime: 0 days 0:12 hours

CPU: total 12 (initial active 12) (12 cores per cpu, 2 threads per core) family 25 model 80 stepping 0 microcode 0x0, cx8, cmov, fxsr, ht, mmx, 3dnowpref, sse, sse2, sse3, ssse3, sse4a, sse4.1, sse4.2, popcnt, lzcnt, tsc, tscinvbit, avx, avx2, aes, erms, clmul, bmi1, bmi2, adx, sha, fma, vzeroupper, clflush, clflushopt, rdtscp, rdpid, fsrm, f16c, pku, cet_ss
Processor Information for processor 0
  Max Mhz: 3301, Current Mhz: 1805, Mhz Limit: 3301
Processor Information for processor 1
  Max Mhz: 3301, Current Mhz: 1805, Mhz Limit: 3301
Processor Information for processor 2
  Max Mhz: 3301, Current Mhz: 1908, Mhz Limit: 3301
Processor Information for processor 3
  Max Mhz: 3301, Current Mhz: 1908, Mhz Limit: 3301
Processor Information for processor 4
  Max Mhz: 3301, Current Mhz: 1805, Mhz Limit: 3301
Processor Information for processor 5
  Max Mhz: 3301, Current Mhz: 1805, Mhz Limit: 3301
Processor Information for processor 6
  Max Mhz: 3301, Current Mhz: 1908, Mhz Limit: 3301
Processor Information for processor 7
  Max Mhz: 3301, Current Mhz: 1805, Mhz Limit: 3301
Processor Information for processor 8
  Max Mhz: 3301, Current Mhz: 1908, Mhz Limit: 3301
Processor Information for processor 9
  Max Mhz: 3301, Current Mhz: 1908, Mhz Limit: 3301
Processor Information for processor 10
  Max Mhz: 3301, Current Mhz: 1805, Mhz Limit: 3301
Processor Information for processor 11
  Max Mhz: 3301, Current Mhz: 1805, Mhz Limit: 3301

Memory: 4k page, system-wide physical 15773M (9251M free)
TotalPageFile size 18205M (AvailPageFile size 10351M)
current process WorkingSet (physical memory assigned to process): 87M, peak: 87M
current process commit charge ("private bytes"): 386M, peak: 386M

vm_info: Java HotSpot(TM) 64-Bit Server VM (22.0.2+9-70) for windows-amd64 JRE (22.0.2+9-70), built on 2024-06-04T16:52:23Z by "mach5one" with MS VC++ 17.6 (VS2022)

END.
